 -[ history ]---------------------------------------
  $Id: change.log,v 1.7 2003-03-26 21:23:14 peter Exp $
  ! и v - испpавлена ошибка
       - небольшое изменение
      ¦ - новая возможность

 -[ 03-03-18 v0-0-1]--------------------------------
 начинаем проект на msp
 -[ 03-03-20 v0-0-2]--------------------------------
 режим c низким потреблением заработал
 -[ 03-03-21 v0-0-3]--------------------------------
 с частотой дискретизации 1400 Гц потребление 270мкА
 -[ 03-03-21 v0-0-4]--------------------------------
 АЦП в постоянном преобразовании 1 mA
 какая-то ошибка в switch - не выходит на второй case
 -[ 03-03-23 v0-0-5]--------------------------------
 добавил процедуры для последовательного порта
 -[ 03-03-26 v0-0-6]--------------------------------
 в таком виде программа глючит (проходит через сброс)
 -[ 03-03-26 v0-0-7]--------------------------------
 продолжаем кодирование - 
 переключение на разные режимы дисплея
